2025-06-13 17:01:33 [INFO]: Starting Minecraft Bot...
2025-06-13 17:02:13 [INFO]: Starting Minecraft Bot...
2025-06-13 17:02:13 [INFO]: Connecting to your-server-ip-here:25565 as YourBotName
2025-06-13 17:02:13 [INFO]: Creating bot connection...
2025-06-13 17:02:13 [ERROR]: Error: getaddrinfo ENOTFOUND your-server-ip-here
    at GetAddrInfoReqWrap.onlookupall [as oncomplete] (node:dns:120:26)
2025-06-13 17:13:58 [INFO]: Starting Minecraft Bot...
2025-06-13 17:13:58 [INFO]: Connecting to JmSolanki.aternos.me:27673 as YourBotName
2025-06-13 17:13:58 [INFO]: Creating bot connection...
2025-06-13 17:13:59 [INFO]: Received SIGTERM. Shutting down gracefully...
2025-06-13 17:14:07 [INFO]: Starting Minecraft Bot...
2025-06-13 17:14:07 [INFO]: Connecting to JmSolanki.aternos.me:27673 as YourBotName
2025-06-13 17:14:07 [INFO]: Creating bot connection...
2025-06-13 17:14:08 [ERROR]: Error: read ECONNRESET
    at TCP.onStreamRead (node:internal/stream_base_commons:218:20)
2025-06-13 17:14:40 [INFO]: Starting Minecraft Bot...
2025-06-13 17:14:40 [INFO]: Connecting to JmSolanki.aternos.me:27673 as YourBotName
2025-06-13 17:14:40 [INFO]: Creating bot connection...
2025-06-13 17:14:40 [WARN]: Bot was kicked: "You are not whitelisted on this server!" (logged in: false)
2025-06-13 17:14:40 [INFO]: Attempting to reconnect in 5 seconds... (Attempt 1/10)
2025-06-13 17:14:40 [WARN]: Bot disconnected: socketClosed
2025-06-13 17:14:40 [INFO]: Attempting to reconnect in 10 seconds... (Attempt 2/10)
2025-06-13 17:14:45 [INFO]: Creating bot connection...
2025-06-13 17:14:46 [WARN]: Bot was kicked: "You are not whitelisted on this server!" (logged in: false)
2025-06-13 17:14:46 [INFO]: Attempting to reconnect in 15 seconds... (Attempt 3/10)
2025-06-13 17:14:46 [WARN]: Bot disconnected: socketClosed
2025-06-13 17:14:46 [INFO]: Attempting to reconnect in 20 seconds... (Attempt 4/10)
2025-06-13 17:14:50 [INFO]: Creating bot connection...
2025-06-13 17:14:51 [WARN]: Bot was kicked: "You are not whitelisted on this server!" (logged in: false)
2025-06-13 17:14:51 [INFO]: Attempting to reconnect in 25 seconds... (Attempt 5/10)
2025-06-13 17:14:51 [WARN]: Bot disconnected: socketClosed
2025-06-13 17:14:51 [INFO]: Attempting to reconnect in 30 seconds... (Attempt 6/10)
2025-06-13 17:15:01 [INFO]: Creating bot connection...
2025-06-13 17:15:01 [WARN]: Bot was kicked: "You are not whitelisted on this server!" (logged in: false)
2025-06-13 17:15:01 [INFO]: Attempting to reconnect in 35 seconds... (Attempt 7/10)
2025-06-13 17:15:01 [WARN]: Bot disconnected: socketClosed
2025-06-13 17:15:01 [INFO]: Attempting to reconnect in 40 seconds... (Attempt 8/10)
2025-06-13 17:15:06 [INFO]: Creating bot connection...
2025-06-13 17:15:06 [WARN]: Bot was kicked: "You are not whitelisted on this server!" (logged in: false)
2025-06-13 17:15:06 [INFO]: Attempting to reconnect in 45 seconds... (Attempt 9/10)
2025-06-13 17:15:06 [WARN]: Bot disconnected: socketClosed
2025-06-13 17:15:06 [INFO]: Attempting to reconnect in 50 seconds... (Attempt 10/10)
2025-06-13 17:15:16 [INFO]: Creating bot connection...
2025-06-13 17:15:16 [WARN]: Bot was kicked: "You are not whitelisted on this server!" (logged in: false)
2025-06-13 17:15:19 [INFO]: Starting Minecraft Bot...
2025-06-13 17:15:19 [INFO]: Connecting to JmSolanki.aternos.me:27673 as JM
2025-06-13 17:15:19 [INFO]: Creating bot connection...
2025-06-13 17:15:20 [WARN]: Bot was kicked: "Connection throttled! Please wait before reconnecting." (logged in: false)
2025-06-13 17:15:20 [INFO]: Attempting to reconnect in 5 seconds... (Attempt 1/10)
2025-06-13 17:15:20 [WARN]: Bot disconnected: socketClosed
2025-06-13 17:15:20 [INFO]: Attempting to reconnect in 10 seconds... (Attempt 2/10)
2025-06-13 17:15:25 [INFO]: Received SIGTERM. Shutting down gracefully...
2025-06-13 17:15:30 [INFO]: Starting Minecraft Bot...
2025-06-13 17:15:30 [INFO]: Connecting to JmSolanki.aternos.me:27673 as JMSOLANKI123
2025-06-13 17:15:30 [INFO]: Creating bot connection...
2025-06-13 17:15:31 [INFO]: Bot logged in as JMSOLANKI123
2025-06-13 17:15:31 [INFO]: Player joined: JMSOLANKI123
2025-06-13 17:15:31 [INFO]: Player joined: Jai_1310
2025-06-13 17:15:31 [INFO]: Bot spawned in world at (554.9258017243371, 62, 57.46779700329806)
2025-06-13 17:15:31 [INFO]: Pathfinder loaded successfully
2025-06-13 17:15:46 [INFO]: <ClearLag> Warning Ground items will be removed in 20 seconds!
2025-06-13 17:16:06 [INFO]: <ClearLag> Removed 0 Entities!
2025-06-13 17:20:15 [INFO]: Starting Minecraft Bot...
2025-06-13 17:20:15 [INFO]: Connecting to JmSolanki.aternos.me:27673 as JMSOLANKI123
2025-06-13 17:20:15 [INFO]: Creating bot connection...
2025-06-13 17:20:17 [ERROR]: Error: read ECONNRESET
    at TCP.onStreamRead (node:internal/stream_base_commons:218:20)
2025-06-13 17:21:28 [INFO]: Starting Minecraft Bot...
2025-06-13 17:21:28 [INFO]: Connecting to JmSolanki.aternos.me:27673 as JMSOLANKI123
2025-06-13 17:21:28 [INFO]: Creating bot connection...
2025-06-13 17:21:29 [INFO]: Bot logged in as JMSOLANKI123
2025-06-13 17:21:29 [INFO]: Player joined: JMSOLANKI123
2025-06-13 17:21:29 [INFO]: Player joined: Jai_1310
2025-06-13 17:21:29 [INFO]: Bot spawned in world at (554.9258017243371, 62, 57.46779700329806)
2025-06-13 17:21:29 [INFO]: Pathfinder loaded successfully
2025-06-13 17:22:46 [INFO]: <ClearLag> Warning Ground items will be removed in 60 seconds!
2025-06-13 17:23:26 [INFO]: <ClearLag> Warning Ground items will be removed in 20 seconds!
2025-06-13 17:23:46 [INFO]: <ClearLag> Removed 7 Entities!
